Wed Aug 22 2018 18:22:52 GMT+0530 (IST): GET /about
Wed Aug 22 2018 18:23:41 GMT+0530 (IST): GET /
Wed Aug 22 2018 18:24:16 GMT+0530 (IST): GET /bad
Wed Aug 22 2018 18:24:46 GMT+0530 (IST): GET /
Wed Aug 22 2018 18:33:42 GMT+0530 (IST): GET /maintenance
Wed Aug 22 2018 18:37:19 GMT+0530 (IST): GET /maintenance
Wed Aug 22 2018 18:37:24 GMT+0530 (IST): GET /
Wed Aug 22 2018 18:38:40 GMT+0530 (IST): GET /
Wed Aug 22 2018 18:39:53 GMT+0530 (IST): GET /
Wed Aug 22 2018 18:39:55 GMT+0530 (IST): GET /
Wed Aug 22 2018 18:42:13 GMT+0530 (IST): GET /about
Wed Aug 22 2018 18:46:37 GMT+0530 (IST): GET /
Thu Aug 23 2018 20:26:46 GMT+0530 (IST): GET /
Thu Aug 23 2018 20:26:49 GMT+0530 (IST): GET /about
Thu Aug 23 2018 20:26:51 GMT+0530 (IST): GET /
Fri Aug 24 2018 19:40:16 GMT+0530 (IST): GET /
Fri Aug 24 2018 19:40:22 GMT+0530 (IST): GET /projects
Fri Aug 24 2018 19:40:57 GMT+0530 (IST): GET /projects
Fri Aug 24 2018 19:41:00 GMT+0530 (IST): GET /projects
Fri Aug 24 2018 19:41:26 GMT+0530 (IST): GET /projects
Fri Aug 24 2018 19:41:49 GMT+0530 (IST): GET /projects
Fri Aug 24 2018 19:42:57 GMT+0530 (IST): GET /projects
Fri Aug 24 2018 19:43:10 GMT+0530 (IST): GET /projects
Fri Aug 24 2018 19:43:13 GMT+0530 (IST): GET /
Fri Aug 24 2018 19:43:15 GMT+0530 (IST): GET /about
Fri Aug 24 2018 19:43:17 GMT+0530 (IST): GET /projects
Fri Aug 24 2018 19:43:19 GMT+0530 (IST): GET /
Fri Aug 24 2018 19:43:22 GMT+0530 (IST): GET /about
Fri Aug 24 2018 19:43:23 GMT+0530 (IST): GET /projects
Fri Aug 24 2018 19:43:25 GMT+0530 (IST): GET /
Fri Aug 24 2018 20:00:45 GMT+0530 (IST): GET /
Fri Aug 24 2018 20:00:45 GMT+0530 (IST): GET /favicon.ico
